BookCross/zxing/build/intermediates/manifest_merge_blame_file/debug/manifest-merger-blame-debug-report.txt
1<?xml version="1.0" encoding="utf-8"?>
2<!--
3 Copyright (C) 2008 ZXing authors
4
5 Licensed under the Apache License, Version 2.0 (the "License");
6 you may not use this file except in compliance with the License.
7 You may obtain a copy of the License at
8
9      http://www.apache.org/licenses/LICENSE-2.0
10
11 Unless required by applicable law or agreed to in writing, software
12 distributed under the License is distributed on an "AS IS" BASIS,
13 WITHOUT WARRANTIES OR CONDITIONS OF ANY KIND, either express or implied.
14 See the License for the specific language governing permissions and
15 limitations under the License.
16-->
17<manifest xmlns:android="http://schemas.android.com/apk/res/android"
18    package="com.google.zxing.client.android"
19    android:installLocation="auto"
20    android:versionCode="108"
21    android:versionName="4.7.8" >
22
23    <uses-sdk
24        android:minSdkVersion="23"
24-->src\main\AndroidManifest.xml
25        android:targetSdkVersion="28" />
25-->src\main\AndroidManifest.xml
26
27    <uses-permission android:name="android.permission.CAMERA" />
27-->src\main\AndroidManifest.xml:23:3-62
27-->src\main\AndroidManifest.xml:23:20-60
28    <uses-permission android:name="android.permission.INTERNET" />
28-->src\main\AndroidManifest.xml:24:3-64
28-->src\main\AndroidManifest.xml:24:20-62
29    <uses-permission android:name="android.permission.VIBRATE" />
29-->src\main\AndroidManifest.xml:25:3-63
29-->src\main\AndroidManifest.xml:25:20-61
30    <uses-permission android:name="android.permission.FLASHLIGHT" />
30-->src\main\AndroidManifest.xml:26:3-66
30-->src\main\AndroidManifest.xml:26:20-64
31    <uses-permission android:name="android.permission.READ_CONTACTS" />
31-->src\main\AndroidManifest.xml:27:3-69
31-->src\main\AndroidManifest.xml:27:20-67
32    <!-- unavailable in API 23 -->
33    <uses-permission android:name="com.android.browser.permission.READ_HISTORY_BOOKMARKS" />
33-->src\main\AndroidManifest.xml:29:3-90
33-->src\main\AndroidManifest.xml:29:20-88
34    <uses-permission android:name="android.permission.WRITE_EXTERNAL_STORAGE" />
34-->src\main\AndroidManifest.xml:30:3-78
34-->src\main\AndroidManifest.xml:30:20-76
35    <uses-permission android:name="android.permission.CHANGE_WIFI_STATE" />
35-->src\main\AndroidManifest.xml:31:3-73
35-->src\main\AndroidManifest.xml:31:20-71
36    <uses-permission android:name="android.permission.ACCESS_WIFI_STATE" />
36-->src\main\AndroidManifest.xml:32:3-73
36-->src\main\AndroidManifest.xml:32:20-71
37
38    <!-- !uses-sdk android:minSdkVersion="23" android:targetSdkVersion="22"/ -->
39
40    <uses-feature android:name="android.hardware.camera.any" />
40-->src\main\AndroidManifest.xml:36:3-61
40-->src\main\AndroidManifest.xml:36:17-59
41    <uses-feature
41-->src\main\AndroidManifest.xml:37:3-92
42        android:name="android.hardware.camera.autofocus"
42-->src\main\AndroidManifest.xml:37:17-65
43        android:required="false" />
43-->src\main\AndroidManifest.xml:37:66-90
44    <uses-feature
44-->src\main\AndroidManifest.xml:38:3-88
45        android:name="android.hardware.camera.flash"
45-->src\main\AndroidManifest.xml:38:17-61
46        android:required="false" />
46-->src\main\AndroidManifest.xml:38:62-86
47    <uses-feature android:name="android.hardware.screen.landscape" />
47-->src\main\AndroidManifest.xml:39:3-67
47-->src\main\AndroidManifest.xml:39:17-65
48    <uses-feature
48-->src\main\AndroidManifest.xml:40:3-80
49        android:name="android.hardware.wifi"
49-->src\main\AndroidManifest.xml:40:17-53
50        android:required="false" />
50-->src\main\AndroidManifest.xml:40:54-78
51
52    <application
52-->src\main\AndroidManifest.xml:42:3-141:17
53        android:allowBackup="true"
53-->src\main\AndroidManifest.xml:45:16-42
54        android:debuggable="true"
55        android:icon="@drawable/launcher_icon"
55-->src\main\AndroidManifest.xml:42:16-54
56        android:label="@string/app_name"
56-->src\main\AndroidManifest.xml:44:16-48
57        android:logo="@drawable/launcher_icon" >
57-->src\main\AndroidManifest.xml:43:16-54
58        <activity
58-->src\main\AndroidManifest.xml:46:5-88:16
59            android:name="com.google.zxing.client.android.CaptureActivity"
59-->src\main\AndroidManifest.xml:46:15-46
60            android:clearTaskOnLaunch="true"
60-->src\main\AndroidManifest.xml:48:15-47
61            android:screenOrientation="sensorLandscape"
61-->src\main\AndroidManifest.xml:47:15-58
62            android:stateNotNeeded="true"
62-->src\main\AndroidManifest.xml:49:15-44
63            android:theme="@style/CaptureTheme"
63-->src\main\AndroidManifest.xml:50:15-50
64            android:windowSoftInputMode="stateAlwaysHidden" >
64-->src\main\AndroidManifest.xml:51:15-62
65            <intent-filter>
65-->src\main\AndroidManifest.xml:52:7-55:23
66                <action android:name="android.intent.action.MAIN" />
66-->src\main\AndroidManifest.xml:53:9-60
66-->src\main\AndroidManifest.xml:53:17-58
67
68                <category android:name="android.intent.category.LAUNCHER" />
68-->src\main\AndroidManifest.xml:54:9-68
68-->src\main\AndroidManifest.xml:54:19-66
69            </intent-filter>
70            <intent-filter>
70-->src\main\AndroidManifest.xml:56:7-59:23
71                <action android:name="com.google.zxing.client.android.SCAN" />
71-->src\main\AndroidManifest.xml:57:9-70
71-->src\main\AndroidManifest.xml:57:17-68
72
73                <category android:name="android.intent.category.DEFAULT" />
73-->src\main\AndroidManifest.xml:58:9-67
73-->src\main\AndroidManifest.xml:58:19-65
74            </intent-filter>
75            <!-- Allow web apps to launch Barcode Scanner by linking to http://zxing.appspot.com/scan. -->
76            <intent-filter>
76-->src\main\AndroidManifest.xml:61:7-66:23
77                <action android:name="android.intent.action.VIEW" />
77-->src\main\AndroidManifest.xml:62:9-60
77-->src\main\AndroidManifest.xml:62:17-58
78
79                <category android:name="android.intent.category.DEFAULT" />
79-->src\main\AndroidManifest.xml:58:9-67
79-->src\main\AndroidManifest.xml:58:19-65
80                <category android:name="android.intent.category.BROWSABLE" />
80-->src\main\AndroidManifest.xml:64:9-69
80-->src\main\AndroidManifest.xml:64:19-67
81
82                <data
82-->src\main\AndroidManifest.xml:65:9-92
83                    android:host="zxing.appspot.com"
83-->src\main\AndroidManifest.xml:65:37-69
84                    android:path="/scan"
84-->src\main\AndroidManifest.xml:65:70-90
85                    android:scheme="http" />
85-->src\main\AndroidManifest.xml:65:15-36
86            </intent-filter>
87            <!-- We also support a Google Product Search URL. -->
88            <intent-filter>
88-->src\main\AndroidManifest.xml:68:7-73:23
89                <action android:name="android.intent.action.VIEW" />
89-->src\main\AndroidManifest.xml:62:9-60
89-->src\main\AndroidManifest.xml:62:17-58
90
91                <category android:name="android.intent.category.DEFAULT" />
91-->src\main\AndroidManifest.xml:58:9-67
91-->src\main\AndroidManifest.xml:58:19-65
92                <category android:name="android.intent.category.BROWSABLE" />
92-->src\main\AndroidManifest.xml:64:9-69
92-->src\main\AndroidManifest.xml:64:19-67
93
94                <data
94-->src\main\AndroidManifest.xml:65:9-92
95                    android:host="www.google.com"
95-->src\main\AndroidManifest.xml:65:37-69
96                    android:path="/m/products/scan"
96-->src\main\AndroidManifest.xml:65:70-90
97                    android:scheme="http" />
97-->src\main\AndroidManifest.xml:65:15-36
98            </intent-filter>
99            <!-- And the UK version. -->
100            <intent-filter>
100-->src\main\AndroidManifest.xml:75:7-80:23
101                <action android:name="android.intent.action.VIEW" />
101-->src\main\AndroidManifest.xml:62:9-60
101-->src\main\AndroidManifest.xml:62:17-58
102
103                <category android:name="android.intent.category.DEFAULT" />
103-->src\main\AndroidManifest.xml:58:9-67
103-->src\main\AndroidManifest.xml:58:19-65
104                <category android:name="android.intent.category.BROWSABLE" />
104-->src\main\AndroidManifest.xml:64:9-69
104-->src\main\AndroidManifest.xml:64:19-67
105
106                <data
106-->src\main\AndroidManifest.xml:65:9-92
107                    android:host="www.google.co.uk"
107-->src\main\AndroidManifest.xml:65:37-69
108                    android:path="/m/products/scan"
108-->src\main\AndroidManifest.xml:65:70-90
109                    android:scheme="http" />
109-->src\main\AndroidManifest.xml:65:15-36
110            </intent-filter>
111            <!-- Support zxing://scan/?... like iPhone app -->
112            <intent-filter>
112-->src\main\AndroidManifest.xml:82:7-87:23
113                <action android:name="android.intent.action.VIEW" />
113-->src\main\AndroidManifest.xml:62:9-60
113-->src\main\AndroidManifest.xml:62:17-58
114
115                <category android:name="android.intent.category.DEFAULT" />
115-->src\main\AndroidManifest.xml:58:9-67
115-->src\main\AndroidManifest.xml:58:19-65
116                <category android:name="android.intent.category.BROWSABLE" />
116-->src\main\AndroidManifest.xml:64:9-69
116-->src\main\AndroidManifest.xml:64:19-67
117
118                <data
118-->src\main\AndroidManifest.xml:65:9-92
119                    android:host="scan"
119-->src\main\AndroidManifest.xml:65:37-69
120                    android:path="/"
120-->src\main\AndroidManifest.xml:65:70-90
121                    android:scheme="zxing" />
121-->src\main\AndroidManifest.xml:65:15-36
122            </intent-filter>
123        </activity>
124        <activity
124-->src\main\AndroidManifest.xml:89:5-91:46
125            android:name="com.google.zxing.client.android.PreferencesActivity"
125-->src\main\AndroidManifest.xml:89:15-50
126            android:label="@string/preferences_name"
126-->src\main\AndroidManifest.xml:90:15-55
127            android:stateNotNeeded="true" />
127-->src\main\AndroidManifest.xml:91:15-44
128        <activity
128-->src\main\AndroidManifest.xml:92:5-110:16
129            android:name="com.google.zxing.client.android.encode.EncodeActivity"
129-->src\main\AndroidManifest.xml:92:15-52
130            android:stateNotNeeded="true" >
130-->src\main\AndroidManifest.xml:93:15-44
131            <intent-filter>
131-->src\main\AndroidManifest.xml:94:7-97:23
132                <action android:name="com.google.zxing.client.android.ENCODE" />
132-->src\main\AndroidManifest.xml:95:9-72
132-->src\main\AndroidManifest.xml:95:17-70
133
134                <category android:name="android.intent.category.DEFAULT" />
134-->src\main\AndroidManifest.xml:58:9-67
134-->src\main\AndroidManifest.xml:58:19-65
135            </intent-filter>
136            <!-- This allows us to handle the Share button in Contacts. -->
137            <intent-filter>
137-->src\main\AndroidManifest.xml:99:7-103:23
138                <action android:name="android.intent.action.SEND" />
138-->src\main\AndroidManifest.xml:100:9-60
138-->src\main\AndroidManifest.xml:100:17-58
139
140                <category android:name="android.intent.category.DEFAULT" />
140-->src\main\AndroidManifest.xml:58:9-67
140-->src\main\AndroidManifest.xml:58:19-65
141
142                <data android:mimeType="text/x-vcard" />
142-->src\main\AndroidManifest.xml:65:9-92
142-->src\main\AndroidManifest.xml:102:15-46
143            </intent-filter>
144            <!-- This allows us to handle sharing any plain text . -->
145            <intent-filter>
145-->src\main\AndroidManifest.xml:105:7-109:23
146                <action android:name="android.intent.action.SEND" />
146-->src\main\AndroidManifest.xml:100:9-60
146-->src\main\AndroidManifest.xml:100:17-58
147
148                <category android:name="android.intent.category.DEFAULT" />
148-->src\main\AndroidManifest.xml:58:9-67
148-->src\main\AndroidManifest.xml:58:19-65
149
150                <data android:mimeType="text/plain" />
150-->src\main\AndroidManifest.xml:65:9-92
150-->src\main\AndroidManifest.xml:102:15-46
151            </intent-filter>
152        </activity>
153        <activity
153-->src\main\AndroidManifest.xml:111:5-119:16
154            android:name="com.google.zxing.client.android.book.SearchBookContentsActivity"
154-->src\main\AndroidManifest.xml:111:15-62
155            android:label="@string/sbc_name"
155-->src\main\AndroidManifest.xml:112:15-47
156            android:screenOrientation="sensorLandscape"
156-->src\main\AndroidManifest.xml:114:15-58
157            android:stateNotNeeded="true" >
157-->src\main\AndroidManifest.xml:113:15-44
158            <intent-filter>
158-->src\main\AndroidManifest.xml:115:7-118:23
159                <action android:name="com.google.zxing.client.android.SEARCH_BOOK_CONTENTS" />
159-->src\main\AndroidManifest.xml:116:9-86
159-->src\main\AndroidManifest.xml:116:17-84
160
161                <category android:name="android.intent.category.DEFAULT" />
161-->src\main\AndroidManifest.xml:58:9-67
161-->src\main\AndroidManifest.xml:58:19-65
162            </intent-filter>
163        </activity>
164        <activity
164-->src\main\AndroidManifest.xml:120:5-127:16
165            android:name="com.google.zxing.client.android.share.ShareActivity"
165-->src\main\AndroidManifest.xml:120:15-50
166            android:screenOrientation="user"
166-->src\main\AndroidManifest.xml:122:15-47
167            android:stateNotNeeded="true" >
167-->src\main\AndroidManifest.xml:121:15-44
168            <intent-filter>
168-->src\main\AndroidManifest.xml:123:7-126:23
169                <action android:name="com.google.zxing.client.android.SHARE" />
169-->src\main\AndroidManifest.xml:124:9-71
169-->src\main\AndroidManifest.xml:124:17-69
170
171                <category android:name="android.intent.category.DEFAULT" />
171-->src\main\AndroidManifest.xml:58:9-67
171-->src\main\AndroidManifest.xml:58:19-65
172            </intent-filter>
173        </activity>
174        <activity
174-->src\main\AndroidManifest.xml:128:5-130:46
175            android:name="com.google.zxing.client.android.history.HistoryActivity"
175-->src\main\AndroidManifest.xml:128:15-54
176            android:label="@string/history_title"
176-->src\main\AndroidManifest.xml:129:15-52
177            android:stateNotNeeded="true" />
177-->src\main\AndroidManifest.xml:130:15-44
178        <activity
178-->src\main\AndroidManifest.xml:131:5-133:46
179            android:name="com.google.zxing.client.android.share.BookmarkPickerActivity"
179-->src\main\AndroidManifest.xml:131:15-59
180            android:label="@string/bookmark_picker_name"
180-->src\main\AndroidManifest.xml:132:15-59
181            android:stateNotNeeded="true" />
181-->src\main\AndroidManifest.xml:133:15-44
182        <activity
182-->src\main\AndroidManifest.xml:134:5-136:46
183            android:name="com.google.zxing.client.android.share.AppPickerActivity"
183-->src\main\AndroidManifest.xml:134:15-54
184            android:label="@string/app_picker_name"
184-->src\main\AndroidManifest.xml:135:15-54
185            android:stateNotNeeded="true" />
185-->src\main\AndroidManifest.xml:136:15-44
186        <activity
186-->src\main\AndroidManifest.xml:137:5-140:46
187            android:name="com.google.zxing.client.android.HelpActivity"
187-->src\main\AndroidManifest.xml:137:15-43
188            android:label="@string/menu_help"
188-->src\main\AndroidManifest.xml:138:15-48
189            android:screenOrientation="user"
189-->src\main\AndroidManifest.xml:139:15-47
190            android:stateNotNeeded="true" />
190-->src\main\AndroidManifest.xml:140:15-44
191    </application>
192
193</manifest>